{
  "timestamp": "2025-03-15T00:33:51.098Z",
  "level": "INFO",
  "category": "keycloak",
  "message": "Authenticating admin client",
  "metadata": {
    "memory": {
      "heapTotal": 146,
      "heapUsed": 122,
      "external": 4,
      "rss": 996
    }
  }
}
{
  "timestamp": "2025-03-15T00:33:51.589Z",
  "level": "INFO",
  "category": "keycloak",
  "message": "Authentication successful with sufficient permissions",
  "metadata": {
    "memory": {
      "heapTotal": 147,
      "heapUsed": 122,
      "external": 4,
      "rss": 996
    }
  }
}
{
  "timestamp": "2025-03-15T00:33:51.846Z",
  "level": "INFO",
  "category": "keycloak",
  "message": "Authenticating admin client",
  "metadata": {
    "memory": {
      "heapTotal": 145,
      "heapUsed": 114,
      "external": 4,
      "rss": 994
    }
  }
}
{
  "timestamp": "2025-03-15T00:33:52.005Z",
  "level": "INFO",
  "category": "keycloak",
  "message": "Authentication successful with sufficient permissions",
  "metadata": {
    "memory": {
      "heapTotal": 145,
      "heapUsed": 114,
      "external": 4,
      "rss": 994
    }
  }
}
{
  "timestamp": "2025-03-15T01:34:06.552Z",
  "level": "INFO",
  "category": "keycloak",
  "message": "Authenticating admin client",
  "metadata": {
    "memory": {
      "heapTotal": 191,
      "heapUsed": 158,
      "external": 4,
      "rss": 1455
    }
  }
}
{
  "timestamp": "2025-03-15T01:34:07.010Z",
  "level": "INFO",
  "category": "keycloak",
  "message": "Authentication successful with sufficient permissions",
  "metadata": {
    "memory": {
      "heapTotal": 191,
      "heapUsed": 159,
      "external": 4,
      "rss": 1455
    }
  }
}
{
  "timestamp": "2025-03-15T01:34:07.207Z",
  "level": "INFO",
  "category": "keycloak",
  "message": "Authenticating admin client",
  "metadata": {
    "memory": {
      "heapTotal": 191,
      "heapUsed": 162,
      "external": 4,
      "rss": 1455
    }
  }
}
{
  "timestamp": "2025-03-15T01:34:07.356Z",
  "level": "INFO",
  "category": "keycloak",
  "message": "Authentication successful with sufficient permissions",
  "metadata": {
    "memory": {
      "heapTotal": 191,
      "heapUsed": 163,
      "external": 4,
      "rss": 1455
    }
  }
}
{
  "timestamp": "2025-03-15T02:03:51.853Z",
  "level": "INFO",
  "category": "keycloak",
  "message": "Authenticating admin client",
  "metadata": {
    "memory": {
      "heapTotal": 181,
      "heapUsed": 151,
      "external": 4,
      "rss": 1440
    }
  }
}
{
  "timestamp": "2025-03-15T02:03:52.318Z",
  "level": "INFO",
  "category": "keycloak",
  "message": "Authentication successful with sufficient permissions",
  "metadata": {
    "memory": {
      "heapTotal": 182,
      "heapUsed": 152,
      "external": 4,
      "rss": 1440
    }
  }
}
{
  "timestamp": "2025-03-15T02:03:52.549Z",
  "level": "INFO",
  "category": "keycloak",
  "message": "Authenticating admin client",
  "metadata": {
    "memory": {
      "heapTotal": 182,
      "heapUsed": 156,
      "external": 4,
      "rss": 1441
    }
  }
}
{
  "timestamp": "2025-03-15T02:03:52.702Z",
  "level": "INFO",
  "category": "keycloak",
  "message": "Authentication successful with sufficient permissions",
  "metadata": {
    "memory": {
      "heapTotal": 182,
      "heapUsed": 156,
      "external": 4,
      "rss": 1441
    }
  }
}
{
  "timestamp": "2025-03-15T02:07:41.149Z",
  "level": "INFO",
  "category": "keycloak",
  "message": "Authenticating admin client",
  "metadata": {
    "memory": {
      "heapTotal": 178,
      "heapUsed": 153,
      "external": 4,
      "rss": 1470
    }
  }
}
{
  "timestamp": "2025-03-15T02:07:41.639Z",
  "level": "INFO",
  "category": "keycloak",
  "message": "Authentication successful with sufficient permissions",
  "metadata": {
    "memory": {
      "heapTotal": 178,
      "heapUsed": 154,
      "external": 4,
      "rss": 1470
    }
  }
}
{
  "timestamp": "2025-03-15T02:07:41.860Z",
  "level": "INFO",
  "category": "keycloak",
  "message": "Authenticating admin client",
  "metadata": {
    "memory": {
      "heapTotal": 178,
      "heapUsed": 152,
      "external": 4,
      "rss": 1470
    }
  }
}
{
  "timestamp": "2025-03-15T02:07:42.016Z",
  "level": "INFO",
  "category": "keycloak",
  "message": "Authentication successful with sufficient permissions",
  "metadata": {
    "memory": {
      "heapTotal": 178,
      "heapUsed": 153,
      "external": 4,
      "rss": 1470
    }
  }
}
