{
  "timestamp": "2025-02-18T07:09:49.966Z",
  "level": "INFO",
  "category": "upload",
  "message": "Starting upload process b6dd2ffb-cd2f-4a34-8120-4387c2eefa65",
  "metadata": {
    "memory": {
      "heapTotal": 721,
      "heapUsed": 681,
      "external": 10,
      "rss": 996
    }
  }
}
{
  "timestamp": "2025-02-18T07:09:50.004Z",
  "level": "INFO",
  "category": "upload",
  "message": "Progress Update: 0% - Initializing upload...",
  "metadata": {
    "memory": {
      "heapTotal": 721,
      "heapUsed": 682,
      "external": 10,
      "rss": 996
    }
  }
}
{
  "timestamp": "2025-02-18T07:13:59.160Z",
  "level": "INFO",
  "category": "upload",
  "message": "Starting upload cda266c2-4d2d-4602-a1f7-b6dcf557a426",
  "metadata": {
    "memory": {
      "heapTotal": 677,
      "heapUsed": 651,
      "external": 6,
      "rss": 894
    }
  }
}
{
  "timestamp": "2025-02-18T07:13:59.168Z",
  "level": "INFO",
  "category": "upload",
  "message": "Progress Update: 0% - Initializing upload...",
  "metadata": {
    "memory": {
      "heapTotal": 677,
      "heapUsed": 651,
      "external": 6,
      "rss": 894
    }
  }
}
{
  "timestamp": "2025-02-18T07:17:24.723Z",
  "level": "INFO",
  "category": "upload",
  "message": "Starting upload 7dd3328a-7b4e-4c49-aec1-91e87fd34e18",
  "metadata": {
    "memory": {
      "heapTotal": 724,
      "heapUsed": 679,
      "external": 6,
      "rss": 934
    }
  }
}
{
  "timestamp": "2025-02-18T07:17:24.821Z",
  "level": "INFO",
  "category": "upload",
  "message": "FormData received",
  "metadata": {
    "memory": {
      "heapTotal": 724,
      "heapUsed": 680,
      "external": 6,
      "rss": 934
    }
  }
}
{
  "timestamp": "2025-02-18T07:17:24.829Z",
  "level": "INFO",
  "category": "upload",
  "message": "File content read",
  "metadata": {
    "contentLength": 815,
    "firstLine": "account,# of,customer_name,customer_mailing_address,city_state_zip,owner_name,owner_mailing_address,owner_city_state_zip,resident_name,resident_mailing_address,resident_city_state_zip,service_address,checked_in\r",
    "memory": {
      "heapTotal": 724,
      "heapUsed": 680,
      "external": 6,
      "rss": 934
    }
  }
}
{
  "timestamp": "2025-02-18T07:17:24.854Z",
  "level": "INFO",
  "category": "upload",
  "message": "CSV parsed",
  "metadata": {
    "recordCount": 3,
    "memory": {
      "heapTotal": 724,
      "heapUsed": 681,
      "external": 6,
      "rss": 934
    }
  }
}
{
  "timestamp": "2025-02-18T07:17:25.321Z",
  "level": "INFO",
  "category": "upload",
  "message": "Batch processed",
  "metadata": {
    "processedCount": 3,
    "totalRecords": 3,
    "memory": {
      "heapTotal": 716,
      "heapUsed": 672,
      "external": 6,
      "rss": 927
    }
  }
}
{
  "timestamp": "2025-02-18T07:17:25.382Z",
  "level": "INFO",
  "category": "upload",
  "message": "Upload completed",
  "metadata": {
    "duration": "0.66",
    "totalRecords": 3,
    "totalShareholders": 2,
    "memory": {
      "heapTotal": 716,
      "heapUsed": 673,
      "external": 6,
      "rss": 927
    }
  }
}
{
  "timestamp": "2025-02-18T20:16:38.924Z",
  "level": "INFO",
  "category": "upload",
  "message": "Starting upload 2285d312-68bc-43b9-9050-d35a89f8d8f9",
  "metadata": {
    "memory": {
      "heapTotal": 535,
      "heapUsed": 514,
      "external": 7,
      "rss": 1104
    }
  }
}
{
  "timestamp": "2025-02-18T20:16:38.957Z",
  "level": "INFO",
  "category": "upload",
  "message": "FormData received",
  "metadata": {
    "memory": {
      "heapTotal": 535,
      "heapUsed": 516,
      "external": 7,
      "rss": 1106
    }
  }
}
{
  "timestamp": "2025-02-18T20:16:38.968Z",
  "level": "INFO",
  "category": "upload",
  "message": "File content read",
  "metadata": {
    "contentLength": 815,
    "firstLine": "account,# of,customer_name,customer_mailing_address,city_state_zip,owner_name,owner_mailing_address,owner_city_state_zip,resident_name,resident_mailing_address,resident_city_state_zip,service_address,checked_in\r",
    "memory": {
      "heapTotal": 535,
      "heapUsed": 515,
      "external": 7,
      "rss": 1106
    }
  }
}
{
  "timestamp": "2025-02-18T20:16:38.987Z",
  "level": "INFO",
  "category": "upload",
  "message": "CSV parsed",
  "metadata": {
    "recordCount": 3,
    "memory": {
      "heapTotal": 535,
      "heapUsed": 515,
      "external": 7,
      "rss": 1106
    }
  }
}
{
  "timestamp": "2025-02-18T20:16:39.444Z",
  "level": "INFO",
  "category": "upload",
  "message": "Batch processed",
  "metadata": {
    "processedCount": 3,
    "totalRecords": 3,
    "memory": {
      "heapTotal": 536,
      "heapUsed": 518,
      "external": 7,
      "rss": 1108
    }
  }
}
{
  "timestamp": "2025-02-18T20:16:39.539Z",
  "level": "INFO",
  "category": "upload",
  "message": "Upload completed",
  "metadata": {
    "duration": "0.61",
    "totalRecords": 3,
    "totalShareholders": 2,
    "memory": {
      "heapTotal": 536,
      "heapUsed": 516,
      "external": 7,
      "rss": 1109
    }
  }
}
{
  "timestamp": "2025-02-21T18:27:42.491Z",
  "level": "INFO",
  "category": "upload",
  "message": "Starting upload 42f20f98-1f2e-4012-933e-8e2b18e355ca",
  "metadata": {
    "memory": {
      "heapTotal": 455,
      "heapUsed": 439,
      "external": 7,
      "rss": 1025
    }
  }
}
{
  "timestamp": "2025-02-21T18:27:42.580Z",
  "level": "INFO",
  "category": "upload",
  "message": "FormData received",
  "metadata": {
    "memory": {
      "heapTotal": 465,
      "heapUsed": 440,
      "external": 7,
      "rss": 1028
    }
  }
}
{
  "timestamp": "2025-02-21T18:27:42.589Z",
  "level": "INFO",
  "category": "upload",
  "message": "File content read",
  "metadata": {
    "contentLength": 815,
    "firstLine": "account,# of,customer_name,customer_mailing_address,city_state_zip,owner_name,owner_mailing_address,owner_city_state_zip,resident_name,resident_mailing_address,resident_city_state_zip,service_address,checked_in\r",
    "memory": {
      "heapTotal": 465,
      "heapUsed": 441,
      "external": 7,
      "rss": 1028
    }
  }
}
{
  "timestamp": "2025-02-21T18:27:42.616Z",
  "level": "INFO",
  "category": "upload",
  "message": "CSV parsed",
  "metadata": {
    "recordCount": 3,
    "memory": {
      "heapTotal": 465,
      "heapUsed": 442,
      "external": 7,
      "rss": 1028
    }
  }
}
{
  "timestamp": "2025-02-21T18:27:43.064Z",
  "level": "INFO",
  "category": "upload",
  "message": "Batch processed",
  "metadata": {
    "processedCount": 3,
    "totalRecords": 3,
    "memory": {
      "heapTotal": 466,
      "heapUsed": 440,
      "external": 7,
      "rss": 1032
    }
  }
}
{
  "timestamp": "2025-02-21T18:27:43.150Z",
  "level": "INFO",
  "category": "upload",
  "message": "Upload completed",
  "metadata": {
    "duration": "0.66",
    "totalRecords": 3,
    "totalShareholders": 2,
    "memory": {
      "heapTotal": 466,
      "heapUsed": 442,
      "external": 7,
      "rss": 1032
    }
  }
}
{
  "timestamp": "2025-03-05T04:06:39.890Z",
  "level": "INFO",
  "category": "upload",
  "message": "Starting upload df76c6ec-c6a3-45be-86ca-2d2ff42efec0",
  "metadata": {
    "memory": {
      "heapTotal": 184,
      "heapUsed": 177,
      "external": 5,
      "rss": 1655
    }
  }
}
{
  "timestamp": "2025-03-05T04:06:39.927Z",
  "level": "INFO",
  "category": "upload",
  "message": "FormData received",
  "metadata": {
    "memory": {
      "heapTotal": 185,
      "heapUsed": 177,
      "external": 5,
      "rss": 1656
    }
  }
}
{
  "timestamp": "2025-03-05T04:06:39.931Z",
  "level": "INFO",
  "category": "upload",
  "message": "File content read",
  "metadata": {
    "contentLength": 815,
    "firstLine": "account,# of,customer_name,customer_mailing_address,city_state_zip,owner_name,owner_mailing_address,owner_city_state_zip,resident_name,resident_mailing_address,resident_city_state_zip,service_address,checked_in\r",
    "memory": {
      "heapTotal": 185,
      "heapUsed": 177,
      "external": 5,
      "rss": 1656
    }
  }
}
{
  "timestamp": "2025-03-05T04:06:39.952Z",
  "level": "INFO",
  "category": "upload",
  "message": "CSV parsed",
  "metadata": {
    "recordCount": 3,
    "memory": {
      "heapTotal": 185,
      "heapUsed": 178,
      "external": 5,
      "rss": 1656
    }
  }
}
{
  "timestamp": "2025-03-05T04:06:40.450Z",
  "level": "INFO",
  "category": "upload",
  "message": "Batch processed",
  "metadata": {
    "processedCount": 3,
    "totalRecords": 3,
    "memory": {
      "heapTotal": 185,
      "heapUsed": 178,
      "external": 5,
      "rss": 1656
    }
  }
}
{
  "timestamp": "2025-03-05T04:06:40.523Z",
  "level": "INFO",
  "category": "upload",
  "message": "Upload completed",
  "metadata": {
    "duration": "0.63",
    "totalRecords": 3,
    "totalShareholders": 2,
    "memory": {
      "heapTotal": 186,
      "heapUsed": 178,
      "external": 5,
      "rss": 1657
    }
  }
}
{
  "timestamp": "2025-03-06T02:34:18.741Z",
  "level": "INFO",
  "category": "upload",
  "message": "Starting upload 49976d04-aeaf-42f8-9025-9182f6101643",
  "metadata": {
    "memory": {
      "heapTotal": 174,
      "heapUsed": 162,
      "external": 4,
      "rss": 1532
    }
  }
}
{
  "timestamp": "2025-03-06T02:34:18.750Z",
  "level": "INFO",
  "category": "upload",
  "message": "FormData received",
  "metadata": {
    "memory": {
      "heapTotal": 174,
      "heapUsed": 163,
      "external": 4,
      "rss": 1532
    }
  }
}
{
  "timestamp": "2025-03-06T02:34:18.754Z",
  "level": "INFO",
  "category": "upload",
  "message": "File content read",
  "metadata": {
    "contentLength": 815,
    "firstLine": "account,# of,customer_name,customer_mailing_address,city_state_zip,owner_name,owner_mailing_address,owner_city_state_zip,resident_name,resident_mailing_address,resident_city_state_zip,service_address,checked_in\r",
    "memory": {
      "heapTotal": 174,
      "heapUsed": 163,
      "external": 4,
      "rss": 1532
    }
  }
}
{
  "timestamp": "2025-03-06T02:34:18.765Z",
  "level": "INFO",
  "category": "upload",
  "message": "CSV parsed",
  "metadata": {
    "recordCount": 3,
    "memory": {
      "heapTotal": 174,
      "heapUsed": 163,
      "external": 4,
      "rss": 1532
    }
  }
}
{
  "timestamp": "2025-03-06T02:34:19.231Z",
  "level": "INFO",
  "category": "upload",
  "message": "Batch processed",
  "metadata": {
    "processedCount": 3,
    "totalRecords": 3,
    "memory": {
      "heapTotal": 174,
      "heapUsed": 164,
      "external": 4,
      "rss": 1533
    }
  }
}
{
  "timestamp": "2025-03-06T02:34:19.297Z",
  "level": "INFO",
  "category": "upload",
  "message": "Upload completed",
  "metadata": {
    "duration": "0.56",
    "totalRecords": 3,
    "totalShareholders": 2,
    "memory": {
      "heapTotal": 174,
      "heapUsed": 164,
      "external": 4,
      "rss": 1533
    }
  }
}
{
  "timestamp": "2025-03-06T17:05:40.081Z",
  "level": "INFO",
  "category": "upload",
  "message": "Starting upload 9e95a383-a21b-4c0a-8cb6-631041e58723",
  "metadata": {
    "memory": {
      "heapTotal": 166,
      "heapUsed": 149,
      "external": 4,
      "rss": 1399
    }
  }
}
{
  "timestamp": "2025-03-06T17:05:40.121Z",
  "level": "INFO",
  "category": "upload",
  "message": "FormData received",
  "metadata": {
    "memory": {
      "heapTotal": 166,
      "heapUsed": 149,
      "external": 4,
      "rss": 1400
    }
  }
}
{
  "timestamp": "2025-03-06T17:05:40.148Z",
  "level": "INFO",
  "category": "upload",
  "message": "File content read",
  "metadata": {
    "contentLength": 757,
    "firstLine": "account,# of,customer_name,customer_mailing_address,city_state_zip,owner_name,owner_mailing_address,owner_city_state_zip,resident_name,resident_mailing_address,resident_city_state_zip,service_address,checked_in\r",
    "memory": {
      "heapTotal": 167,
      "heapUsed": 145,
      "external": 4,
      "rss": 1396
    }
  }
}
{
  "timestamp": "2025-03-06T17:05:40.418Z",
  "level": "ERROR",
  "category": "upload",
  "message": "Upload failed: Error: Failed to parse CSV: Error: Invalid Record Length: columns length is 13, got 14 on line 2",
  "metadata": {
    "memory": {
      "heapTotal": 193,
      "heapUsed": 160,
      "external": 4,
      "rss": 1432
    }
  }
}
{
  "timestamp": "2025-03-06T17:09:29.367Z",
  "level": "INFO",
  "category": "upload",
  "message": "Starting upload 14fd340b-c028-4a07-b09a-c10af593f067",
  "metadata": {
    "memory": {
      "heapTotal": 122,
      "heapUsed": 115,
      "external": 4,
      "rss": 1035
    }
  }
}
{
  "timestamp": "2025-03-06T17:09:29.379Z",
  "level": "INFO",
  "category": "upload",
  "message": "FormData received",
  "metadata": {
    "memory": {
      "heapTotal": 122,
      "heapUsed": 115,
      "external": 4,
      "rss": 1035
    }
  }
}
{
  "timestamp": "2025-03-06T17:09:29.382Z",
  "level": "INFO",
  "category": "upload",
  "message": "File content read",
  "metadata": {
    "contentLength": 2795,
    "firstLine": "account,# of,customer_name,customer_mailing_address,city_state_zip,owner_name,owner_mailing_address,owner_city_state_zip,resident_name,resident_mailing_address,resident_city_state_zip,service_address,checked_in\r",
    "memory": {
      "heapTotal": 122,
      "heapUsed": 115,
      "external": 4,
      "rss": 1035
    }
  }
}
{
  "timestamp": "2025-03-06T17:09:29.740Z",
  "level": "ERROR",
  "category": "upload",
  "message": "Upload failed: Error: Failed to parse CSV: Error: Invalid Record Length: columns length is 13, got 14 on line 2",
  "metadata": {
    "memory": {
      "heapTotal": 167,
      "heapUsed": 138,
      "external": 4,
      "rss": 1082
    }
  }
}
{
  "timestamp": "2025-03-06T17:16:05.048Z",
  "level": "INFO",
  "category": "upload",
  "message": "Starting upload 204712ec-73c4-4501-b03f-82f6f14f6517",
  "metadata": {
    "memory": {
      "heapTotal": 125,
      "heapUsed": 116,
      "external": 4,
      "rss": 1038
    }
  }
}
{
  "timestamp": "2025-03-06T17:16:05.059Z",
  "level": "INFO",
  "category": "upload",
  "message": "FormData received",
  "metadata": {
    "memory": {
      "heapTotal": 123,
      "heapUsed": 114,
      "external": 4,
      "rss": 1038
    }
  }
}
{
  "timestamp": "2025-03-06T17:16:05.063Z",
  "level": "INFO",
  "category": "upload",
  "message": "File content read",
  "metadata": {
    "contentLength": 2260,
    "firstLine": "account,# of,customer_name,customer_mailing_address,city_state_zip,owner_name,owner_mailing_address,owner_city_state_zip,resident_name,resident_mailing_address,resident_city_state_zip,service_address,checked_in\r",
    "memory": {
      "heapTotal": 123,
      "heapUsed": 114,
      "external": 4,
      "rss": 1038
    }
  }
}
{
  "timestamp": "2025-03-06T17:16:05.073Z",
  "level": "INFO",
  "category": "upload",
  "message": "CSV parsed",
  "metadata": {
    "recordCount": 15,
    "memory": {
      "heapTotal": 123,
      "heapUsed": 114,
      "external": 4,
      "rss": 1038
    }
  }
}
{
  "timestamp": "2025-03-06T17:16:05.598Z",
  "level": "INFO",
  "category": "upload",
  "message": "Batch processed",
  "metadata": {
    "processedCount": 15,
    "totalRecords": 15,
    "memory": {
      "heapTotal": 134,
      "heapUsed": 115,
      "external": 4,
      "rss": 1042
    }
  }
}
{
  "timestamp": "2025-03-06T17:16:05.678Z",
  "level": "INFO",
  "category": "upload",
  "message": "Upload completed",
  "metadata": {
    "duration": "0.63",
    "totalRecords": 15,
    "totalShareholders": 5,
    "memory": {
      "heapTotal": 134,
      "heapUsed": 115,
      "external": 4,
      "rss": 1042
    }
  }
}
