2025-02-03T08:25:29.157Z - 📤 Starting file upload process...
2025-02-03T08:25:29.221Z - 📋 Processing file: PropertyList.csv for meeting: 2025
2025-02-03T08:25:29.779Z - 📊 Total records to process: 4676
2025-02-03T08:25:29.841Z - 📁 Created/verified directory: C:\Users\travi\SOFT-WHERE Client Software\Web Applications\North Prairie Regional Water District\nprwd-shareholders\public\meetings\2025
2025-02-03T08:25:29.847Z - ⏳ Processing records 1 to 100 of 4676 (2%)
2025-02-03T08:25:29.973Z - ⏳ Processing records 101 to 200 of 4676 (4%)
2025-02-03T08:25:30.139Z - ⏳ Processing records 201 to 300 of 4676 (6%)
2025-02-03T08:25:30.273Z - ⏳ Processing records 301 to 400 of 4676 (9%)
2025-02-03T08:25:30.394Z - ⏳ Processing records 401 to 500 of 4676 (11%)
2025-02-03T08:25:30.503Z - ⏳ Processing records 501 to 600 of 4676 (13%)
2025-02-03T08:25:30.660Z - ⏳ Processing records 601 to 700 of 4676 (15%)
2025-02-03T08:25:30.817Z - ⏳ Processing records 701 to 800 of 4676 (17%)
2025-02-03T08:25:30.957Z - ⏳ Processing records 801 to 900 of 4676 (19%)
2025-02-03T08:25:31.066Z - ⏳ Processing records 901 to 1000 of 4676 (21%)
2025-02-03T08:25:31.173Z - ⏳ Processing records 1001 to 1100 of 4676 (24%)
2025-02-03T08:25:31.283Z - ⏳ Processing records 1101 to 1200 of 4676 (26%)
2025-02-03T08:25:31.392Z - ⏳ Processing records 1201 to 1300 of 4676 (28%)
2025-02-03T08:25:31.498Z - ⏳ Processing records 1301 to 1400 of 4676 (30%)
2025-02-03T08:25:31.607Z - ⏳ Processing records 1401 to 1500 of 4676 (32%)
2025-02-03T08:25:31.715Z - ⏳ Processing records 1501 to 1600 of 4676 (34%)
2025-02-03T08:25:31.823Z - ⏳ Processing records 1601 to 1700 of 4676 (36%)
2025-02-03T08:25:31.932Z - ⏳ Processing records 1701 to 1800 of 4676 (38%)
2025-02-03T08:25:32.042Z - ⏳ Processing records 1801 to 1900 of 4676 (41%)
2025-02-03T08:25:32.150Z - ⏳ Processing records 1901 to 2000 of 4676 (43%)
2025-02-03T08:25:32.259Z - ⏳ Processing records 2001 to 2100 of 4676 (45%)
2025-02-03T08:25:32.367Z - ⏳ Processing records 2101 to 2200 of 4676 (47%)
2025-02-03T08:25:32.475Z - ⏳ Processing records 2201 to 2300 of 4676 (49%)
2025-02-03T08:25:32.611Z - ⏳ Processing records 2301 to 2400 of 4676 (51%)
2025-02-03T08:25:32.723Z - ⏳ Processing records 2401 to 2500 of 4676 (53%)
2025-02-03T08:25:32.833Z - ⏳ Processing records 2501 to 2600 of 4676 (56%)
2025-02-03T08:25:32.942Z - ⏳ Processing records 2601 to 2700 of 4676 (58%)
2025-02-03T08:25:33.056Z - ⏳ Processing records 2701 to 2800 of 4676 (60%)
2025-02-03T08:25:33.210Z - ⏳ Processing records 2801 to 2900 of 4676 (62%)
2025-02-03T08:25:33.318Z - ⏳ Processing records 2901 to 3000 of 4676 (64%)
2025-02-03T08:25:33.427Z - ⏳ Processing records 3001 to 3100 of 4676 (66%)
2025-02-03T08:25:33.535Z - ⏳ Processing records 3101 to 3200 of 4676 (68%)
2025-02-03T08:25:33.645Z - ⏳ Processing records 3201 to 3300 of 4676 (71%)
2025-02-03T08:25:33.754Z - ⏳ Processing records 3301 to 3400 of 4676 (73%)
2025-02-03T08:25:33.864Z - ⏳ Processing records 3401 to 3500 of 4676 (75%)
2025-02-03T08:25:33.973Z - ⏳ Processing records 3501 to 3600 of 4676 (77%)
2025-02-03T08:25:34.082Z - ⏳ Processing records 3601 to 3700 of 4676 (79%)
2025-02-03T08:25:34.189Z - ⏳ Processing records 3701 to 3800 of 4676 (81%)
2025-02-03T08:25:34.297Z - ⏳ Processing records 3801 to 3900 of 4676 (83%)
2025-02-03T08:25:34.405Z - ⏳ Processing records 3901 to 4000 of 4676 (86%)
2025-02-03T08:25:34.515Z - ⏳ Processing records 4001 to 4100 of 4676 (88%)
2025-02-03T08:25:34.624Z - ⏳ Processing records 4101 to 4200 of 4676 (90%)
2025-02-03T08:25:34.734Z - ⏳ Processing records 4201 to 4300 of 4676 (92%)
2025-02-03T08:25:34.839Z - ⏳ Processing records 4301 to 4400 of 4676 (94%)
2025-02-03T08:25:34.950Z - ⏳ Processing records 4401 to 4500 of 4676 (96%)
2025-02-03T08:25:35.057Z - ⏳ Processing records 4501 to 4600 of 4676 (98%)
2025-02-03T08:25:35.166Z - ⏳ Processing records 4601 to 4676 of 4676 (100%)
2025-02-03T08:25:35.278Z - 💾 File saved successfully to: C:\Users\travi\SOFT-WHERE Client Software\Web Applications\North Prairie Regional Water District\nprwd-shareholders\public\meetings\2025\PropertyList.csv
2025-02-03T10:05:13.149Z - 📤 Starting file upload process...
2025-02-03T10:05:13.164Z - 📋 Processing file: PropertyList.csv for meeting: 3
2025-02-03T10:05:13.302Z - 📊 Total records to process: 4676
2025-02-03T10:05:13.304Z - ⏳ Processing records 1 to 100 of 4676 (2%)
2025-02-03T10:05:24.071Z - ❌ Error uploading file: TypeError: Failed to parse URL from /api/progress
